<?xml version="1.0" encoding="UTF-8"?>
<!-- Generated by org.testng.reporters.JUnitReportReporter -->
<testsuite name="module6.GitHubLogin" tests="1" time="6.751" ignored="0" failures="0" timestamp="10 Sep 2019 15:02:17 GMT" skipped="0" hostname="DESKTOP-8BMKDBU" errors="0">
  <testcase name="Login" time="6.751" classname="module6.GitHubLogin"/>
</testsuite> <!-- module6.GitHubLogin -->
