<?xml version="1.0" encoding="UTF-8"?>
<!-- Generated by org.testng.reporters.JUnitReportReporter -->
<testsuite skipped="0" hostname="DESKTOP-8BMKDBU" name="module6.GitHubLogin" tests="1" failures="0" timestamp="09 Sep 2019 16:19:04 GMT" time="8.327" errors="0">
  <testcase name="Login" time="8.327" classname="module6.GitHubLogin"/>
</testsuite> <!-- module6.GitHubLogin -->
