<?xml version="1.0" encoding="UTF-8"?>
<!-- Generated by org.testng.reporters.JUnitReportReporter -->
<testsuite skipped="0" hostname="DESKTOP-8BMKDBU" name="module6.Priority" tests="5" failures="0" timestamp="09 Sep 2019 16:31:14 GMT" time="0.071" errors="0">
  <testcase name="Mumbai" time="0.037" classname="module6.Priority"/>
  <testcase name="Banglore" time="0.005" classname="module6.Priority"/>
  <testcase name="Hyderabad" time="0.014" classname="module6.Priority"/>
  <testcase name="Chennai" time="0.006" classname="module6.Priority"/>
  <testcase name="Pune" time="0.009" classname="module6.Priority"/>
</testsuite> <!-- module6.Priority -->
