<?xml version="1.0" encoding="UTF-8"?>
<!-- Generated by org.testng.reporters.JUnitReportReporter -->
<testsuite name="module7.GitHubLogin" tests="10" time="116.395" ignored="0" failures="0" timestamp="11 Sep 2019 16:08:08 GMT" skipped="0" hostname="DESKTOP-8BMKDBU" errors="0">
  <testcase name="Logout" time="14.567" classname="module7.GitHubLogin"/>
  <testcase name="OpenAUT" time="17.089" classname="module7.GitHubLogin"/>
  <testcase name="CloseTestCase" time="3.925" classname="module7.GitHubLogin"/>
  <testcase name="Logout" time="14.410" classname="module7.GitHubLogin"/>
  <testcase name="openBrowser" time="8.299" classname="module7.GitHubLogin"/>
  <testcase name="openBrowser" time="8.309" classname="module7.GitHubLogin"/>
  <testcase name="Login" time="16.625" classname="module7.GitHubLogin"/>
  <testcase name="Login" time="16.575" classname="module7.GitHubLogin"/>
  <testcase name="CloseTestCase" time="4.677" classname="module7.GitHubLogin"/>
  <testcase name="OpenAUT" time="11.919" classname="module7.GitHubLogin"/>
</testsuite> <!-- module7.GitHubLogin -->
