<?xml version="1.0" encoding="UTF-8"?>
<!-- Generated by org.testng.reporters.JUnitReportReporter -->
<testsuite name="module6.Grouping" tests="4" time="0.116" ignored="5" failures="0" timestamp="10 Sep 2019 15:32:29 GMT" skipped="0" hostname="DESKTOP-8BMKDBU" errors="0">
  <testcase name="TC9" time="0.028" classname="module6.Grouping"/>
  <testcase name="TC7" time="0.011" classname="module6.Grouping"/>
  <testcase name="TC1" time="0.067" classname="module6.Grouping"/>
  <testcase name="TC4" time="0.010" classname="module6.Grouping"/>
  <testcase name="TC5" classname="module6.Grouping">
    <skipped/>
  </testcase> <!-- TC5 -->
  <testcase name="TC6" classname="module6.Grouping">
    <skipped/>
  </testcase> <!-- TC6 -->
  <testcase name="TC2" classname="module6.Grouping">
    <skipped/>
  </testcase> <!-- TC2 -->
  <testcase name="TC3" classname="module6.Grouping">
    <skipped/>
  </testcase> <!-- TC3 -->
  <testcase name="TC8" classname="module6.Grouping">
    <skipped/>
  </testcase> <!-- TC8 -->
</testsuite> <!-- module6.Grouping -->
