<?xml version="1.0" encoding="UTF-8"?>
<!-- Generated by org.testng.reporters.JUnitReportReporter -->
<testsuite skipped="0" hostname="DESKTOP-8BMKDBU" name="module6.Annotations" tests="1" failures="0" timestamp="09 Sep 2019 15:45:51 GMT" time="0.073" errors="0">
  <testcase name="Test1" time="0.073" classname="module6.Annotations"/>
</testsuite> <!-- module6.Annotations -->
