<?xml version="1.0" encoding="UTF-8"?>
<!-- Generated by org.testng.reporters.JUnitReportReporter -->
<testsuite name="module6.GitHubLogin_CrossBrowser" tests="5" time="42.528" ignored="0" failures="0" timestamp="10 Sep 2019 16:30:08 GMT" skipped="0" hostname="DESKTOP-8BMKDBU" errors="0">
  <testcase name="Login" time="8.333" classname="module6.GitHubLogin_CrossBrowser"/>
  <testcase name="CloseTestCase" time="7.939" classname="module6.GitHubLogin_CrossBrowser"/>
  <testcase name="openBrowser" time="10.866" classname="module6.GitHubLogin_CrossBrowser"/>
  <testcase name="Logout" time="6.448" classname="module6.GitHubLogin_CrossBrowser"/>
  <testcase name="OpenAUT" time="8.942" classname="module6.GitHubLogin_CrossBrowser"/>
</testsuite> <!-- module6.GitHubLogin_CrossBrowser -->
