<?xml version="1.0" encoding="UTF-8"?>
<!-- Generated by org.testng.reporters.JUnitReportReporter -->
<testsuite name="module6.Grouping1" tests="9" time="97.167" ignored="0" failures="0" timestamp="10 Sep 2019 15:44:45 GMT" skipped="0" hostname="DESKTOP-8BMKDBU" errors="0">
  <testcase name="ClickContactUsLink" time="0.886" classname="module6.Grouping1"/>
  <testcase name="ClickSupportLink" time="0.858" classname="module6.Grouping1"/>
  <testcase name="Logout" time="4.428" classname="module6.Grouping1"/>
  <testcase name="ClickRegisterLink" time="1.063" classname="module6.Grouping1"/>
  <testcase name="OpenAUT" time="1.915" classname="module6.Grouping1"/>
  <testcase name="Login" time="77.229" classname="module6.Grouping1"/>
  <testcase name="OpenBrowser" time="9.217" classname="module6.Grouping1"/>
  <testcase name="ClickSignOnLink" time="0.955" classname="module6.Grouping1"/>
  <testcase name="CloseBrowser" time="0.616" classname="module6.Grouping1"/>
</testsuite> <!-- module6.Grouping1 -->
