<?xml version="1.0" encoding="UTF-8"?>
<!-- Generated by org.testng.reporters.JUnitReportReporter -->
<testsuite hostname="DESKTOP-8BMKDBU" name="module9.TestCase.DDT" tests="10" failures="0" timestamp="12 Sep 2019 16:51:45 GMT" time="57.953" errors="0">
  <testcase name="FormFill" time="5.759" classname="module9.TestCase.DDT"/>
  <testcase name="FormFill" time="5.737" classname="module9.TestCase.DDT"/>
  <testcase name="FormFill" time="5.944" classname="module9.TestCase.DDT"/>
  <testcase name="FormFill" time="5.746" classname="module9.TestCase.DDT"/>
  <testcase name="FormFill" time="5.788" classname="module9.TestCase.DDT"/>
  <testcase name="FormFill" time="5.653" classname="module9.TestCase.DDT"/>
  <testcase name="FormFill" time="5.689" classname="module9.TestCase.DDT"/>
  <testcase name="FormFill" time="5.708" classname="module9.TestCase.DDT"/>
  <testcase name="FormFill" time="6.222" classname="module9.TestCase.DDT"/>
  <testcase name="FormFill" time="5.707" classname="module9.TestCase.DDT"/>
</testsuite> <!-- module9.TestCase.DDT -->
