<?xml version="1.0" encoding="UTF-8"?>
<!-- Generated by org.testng.reporters.JUnitReportReporter -->
<testsuite skipped="0" hostname="DESKTOP-8BMKDBU" name="module6.Sequencing" tests="5" failures="0" timestamp="09 Sep 2019 16:23:33 GMT" time="0.067" errors="0">
  <testcase name="Mumbai" time="0.006" classname="module6.Sequencing"/>
  <testcase name="Chennai" time="0.012" classname="module6.Sequencing"/>
  <testcase name="Hyderabad" time="0.009" classname="module6.Sequencing"/>
  <testcase name="Banglore" time="0.033" classname="module6.Sequencing"/>
  <testcase name="Pune" time="0.007" classname="module6.Sequencing"/>
</testsuite> <!-- module6.Sequencing -->
