<?xml version="1.0" encoding="UTF-8"?>
<!-- Generated by org.testng.reporters.JUnitReportReporter -->
<testsuite skipped="2" hostname="DESKTOP-8BMKDBU" name="module6.Enabled" tests="9" failures="0" timestamp="09 Sep 2019 16:57:46 GMT" time="21.061" errors="0">
  <testcase name="OpenBrowser" time="10.337" classname="module6.Enabled"/>
  <testcase name="OpenAUT" time="4.359" classname="module6.Enabled"/>
  <testcase name="ClickRegisterLink" time="2.379" classname="module6.Enabled"/>
  <testcase name="ClickContactUsLink" time="1.101" classname="module6.Enabled"/>
  <testcase name="ClickSupportLink" time="1.162" classname="module6.Enabled"/>
  <testcase name="ClickSignOnLink" time="1.067" classname="module6.Enabled"/>
  <testcase name="CloseBrowser" time="0.656" classname="module6.Enabled"/>
  <testcase name="Logout" classname="module6.Enabled">
    <skipped/>
  </testcase> <!-- Logout -->
  <testcase name="Login" classname="module6.Enabled">
    <skipped/>
  </testcase> <!-- Login -->
</testsuite> <!-- module6.Enabled -->
