<?xml version="1.0" encoding="UTF-8"?>
<!-- Generated by org.testng.reporters.JUnitReportReporter -->
<testsuite name="module6.GitHubLogin_parameter" tests="5" time="29.315" ignored="0" failures="0" timestamp="10 Sep 2019 16:30:08 GMT" skipped="0" hostname="DESKTOP-8BMKDBU" errors="0">
  <testcase name="Logout" time="5.454" classname="module6.GitHubLogin_parameter"/>
  <testcase name="Login" time="8.607" classname="module6.GitHubLogin_parameter"/>
  <testcase name="OpenBrowser" time="6.941" classname="module6.GitHubLogin_parameter"/>
  <testcase name="CloseTestCase" time="4.513" classname="module6.GitHubLogin_parameter"/>
  <testcase name="OpenAUT" time="3.800" classname="module6.GitHubLogin_parameter"/>
</testsuite> <!-- module6.GitHubLogin_parameter -->
